11:26:01.811 [main] INFO  transfer.demo.DemoApplication - Starting DemoApplication using Java 19.0.2 with PID 9684 (C:\Users\a_djamankeev\IdeaProjects\demo\target\classes started by a_djamankeev in C:\Users\a_djamankeev\IdeaProjects\demo)
11:26:01.815 [main] INFO  transfer.demo.DemoApplication - No active profile set, falling back to 1 default profile: "default"
11:26:03.089 [main] INFO  o.a.coyote.http11.Http11NioProtocol - Initializing ProtocolHandler ["http-nio-8081"]
11:26:03.091 [main] INFO  o.a.catalina.core.StandardService - Starting service [Tomcat]
11:26:03.091 [main] INFO  o.a.catalina.core.StandardEngine - Starting Servlet engine: [Apache Tomcat/10.1.16]
11:26:03.158 [main] INFO  o.a.c.c.C.[Tomcat].[localhost].[/] - Initializing Spring embedded WebApplicationContext
11:26:03.297 [main] INFO  o.h.jpa.internal.util.LogHelper - HHH000204: Processing PersistenceUnitInfo [name: default]
11:26:03.359 [main] INFO  org.hibernate.Version - HHH000412: Hibernate ORM core version 6.3.1.Final
11:26:03.406 [main] INFO  o.h.c.i.RegionFactoryInitiator - HHH000026: Second-level cache disabled
11:26:03.665 [main] INFO  com.zaxxer.hikari.HikariDataSource - HikariPool-1 - Starting...
11:26:03.863 [main] INFO  com.zaxxer.hikari.pool.HikariPool - HikariPool-1 - Added connection org.postgresql.jdbc.PgConnection@527d48db
11:26:03.864 [main] INFO  com.zaxxer.hikari.HikariDataSource - HikariPool-1 - Start completed.
11:26:03.921 [main] WARN  org.hibernate.orm.deprecation - HHH90000025: PostgreSQLDialect does not need to be specified explicitly using 'hibernate.dialect' (remove the property setting and it will be selected by default)
11:26:04.777 [main] INFO  o.h.e.t.j.p.i.JtaPlatformInitiator - HHH000489: No JTA platform available (set 'hibernate.transaction.jta.platform' to enable JTA platform integration)
11:26:05.884 [main] INFO  o.a.coyote.http11.Http11NioProtocol - Starting ProtocolHandler ["http-nio-8081"]
11:26:05.906 [main] INFO  transfer.demo.DemoApplication - Started DemoApplication in 4.458 seconds (process running for 5.592)
11:29:26.881 [SpringApplicationShutdownHook] INFO  com.zaxxer.hikari.HikariDataSource - HikariPool-1 - Shutdown initiated...
11:29:26.886 [SpringApplicationShutdownHook] INFO  com.zaxxer.hikari.HikariDataSource - HikariPool-1 - Shutdown completed.
11:29:33.830 [main] INFO  transfer.demo.DemoApplication - Starting DemoApplication using Java 19.0.2 with PID 18240 (C:\Users\a_djamankeev\IdeaProjects\demo\target\classes started by a_djamankeev in C:\Users\a_djamankeev\IdeaProjects\demo)
11:29:33.831 [main] INFO  transfer.demo.DemoApplication - No active profile set, falling back to 1 default profile: "default"
11:29:34.985 [main] INFO  o.a.coyote.http11.Http11NioProtocol - Initializing ProtocolHandler ["http-nio-8081"]
11:29:34.986 [main] INFO  o.a.catalina.core.StandardService - Starting service [Tomcat]
11:29:34.986 [main] INFO  o.a.catalina.core.StandardEngine - Starting Servlet engine: [Apache Tomcat/10.1.16]
11:29:35.041 [main] INFO  o.a.c.c.C.[Tomcat].[localhost].[/] - Initializing Spring embedded WebApplicationContext
11:29:35.171 [main] INFO  o.h.jpa.internal.util.LogHelper - HHH000204: Processing PersistenceUnitInfo [name: default]
11:29:35.219 [main] INFO  org.hibernate.Version - HHH000412: Hibernate ORM core version 6.3.1.Final
11:29:35.253 [main] INFO  o.h.c.i.RegionFactoryInitiator - HHH000026: Second-level cache disabled
11:29:35.443 [main] INFO  com.zaxxer.hikari.HikariDataSource - HikariPool-1 - Starting...
11:29:35.618 [main] INFO  com.zaxxer.hikari.pool.HikariPool - HikariPool-1 - Added connection org.postgresql.jdbc.PgConnection@2e40fdbd
11:29:35.619 [main] INFO  com.zaxxer.hikari.HikariDataSource - HikariPool-1 - Start completed.
11:29:35.647 [main] WARN  org.hibernate.orm.deprecation - HHH90000025: PostgreSQLDialect does not need to be specified explicitly using 'hibernate.dialect' (remove the property setting and it will be selected by default)
11:29:36.414 [main] INFO  o.h.e.t.j.p.i.JtaPlatformInitiator - HHH000489: No JTA platform available (set 'hibernate.transaction.jta.platform' to enable JTA platform integration)
11:29:37.410 [main] INFO  o.a.coyote.http11.Http11NioProtocol - Starting ProtocolHandler ["http-nio-8081"]
11:29:37.432 [main] INFO  transfer.demo.DemoApplication - Started DemoApplication in 3.928 seconds (process running for 4.771)
11:29:55.782 [http-nio-8081-exec-1] INFO  o.a.c.c.C.[Tomcat].[localhost].[/] - Initializing Spring DispatcherServlet 'dispatcherServlet'
11:30:08.586 [http-nio-8081-exec-3] INFO  t.demo.configuration.LoggingAspect - Method 'getFilteredData' called with args 'FilterRequest(status=ISSUED, sendCashBoxName=, receiveCashBoxName=, currency=, startDate=null, endDate=null, filterField=null, pageNumber=1, pageSize=3)' and return value '[Transaction(id=e0c4fd8a-bcbd-41bb-87c3-cbb938d82620, payerPhoneNumber=99559, receiverPhoneNumber=9988, amount=5000.0, currency=USD, comment=GOD, uniqueId=693805, sendCashBoxId=CashBox(id=11e6e1e2-229b-47cc-b18e-58687db8b656, name=ASIA), receiveCashBoxId=CashBox(id=deef93c6-0dcd-41c7-bd26-4e6d0e82863e, name=ALMATY), status=ISSUED, date=2023-12-04T13:10:28.942389), Transaction(id=ebf16b5e-762c-43e7-acd4-15532264601d, payerPhoneNumber=99559, receiverPhoneNumber=9988, amount=4000.0, currency=USD, comment=GOD, uniqueId=120744, sendCashBoxId=CashBox(id=11e6e1e2-229b-47cc-b18e-58687db8b656, name=ASIA), receiveCashBoxId=CashBox(id=deef93c6-0dcd-41c7-bd26-4e6d0e82863e, name=ALMATY), status=ISSUED, date=2023-12-04T13:15:59.630220), Transaction(id=8f06d1ea-3083-49ab-990b-f26f5a7940b6, payerPhoneNumber=99559, receiverPhoneNumber=9988, amount=100.0, currency=USD, comment=GOD, uniqueId=899966, sendCashBoxId=CashBox(id=11e6e1e2-229b-47cc-b18e-58687db8b656, name=ASIA), receiveCashBoxId=CashBox(id=d6cc4dc0-1650-4126-8425-93ec54c73728, name=BISHKEK), status=ISSUED, date=2023-12-04T13:16:19.525873)]'. Timing 107.
11:30:14.322 [http-nio-8081-exec-7] INFO  t.demo.configuration.LoggingAspect - Method 'getFilteredData' called with args 'FilterRequest(status=ISSUED, sendCashBoxName=, receiveCashBoxName=, currency=, startDate=null, endDate=null, filterField=null, pageNumber=1, pageSize=3)' and return value '[Transaction(id=e0c4fd8a-bcbd-41bb-87c3-cbb938d82620, payerPhoneNumber=99559, receiverPhoneNumber=9988, amount=5000.0, currency=USD, comment=GOD, uniqueId=693805, sendCashBoxId=CashBox(id=11e6e1e2-229b-47cc-b18e-58687db8b656, name=ASIA), receiveCashBoxId=CashBox(id=deef93c6-0dcd-41c7-bd26-4e6d0e82863e, name=ALMATY), status=ISSUED, date=2023-12-04T13:10:28.942389), Transaction(id=ebf16b5e-762c-43e7-acd4-15532264601d, payerPhoneNumber=99559, receiverPhoneNumber=9988, amount=4000.0, currency=USD, comment=GOD, uniqueId=120744, sendCashBoxId=CashBox(id=11e6e1e2-229b-47cc-b18e-58687db8b656, name=ASIA), receiveCashBoxId=CashBox(id=deef93c6-0dcd-41c7-bd26-4e6d0e82863e, name=ALMATY), status=ISSUED, date=2023-12-04T13:15:59.630220), Transaction(id=8f06d1ea-3083-49ab-990b-f26f5a7940b6, payerPhoneNumber=99559, receiverPhoneNumber=9988, amount=100.0, currency=USD, comment=GOD, uniqueId=899966, sendCashBoxId=CashBox(id=11e6e1e2-229b-47cc-b18e-58687db8b656, name=ASIA), receiveCashBoxId=CashBox(id=d6cc4dc0-1650-4126-8425-93ec54c73728, name=BISHKEK), status=ISSUED, date=2023-12-04T13:16:19.525873)]'. Timing 8.
11:30:30.004 [SpringApplicationShutdownHook] INFO  com.zaxxer.hikari.HikariDataSource - HikariPool-1 - Shutdown initiated...
11:30:30.009 [SpringApplicationShutdownHook] INFO  com.zaxxer.hikari.HikariDataSource - HikariPool-1 - Shutdown completed.
11:30:35.133 [main] INFO  transfer.demo.DemoApplication - Starting DemoApplication using Java 19.0.2 with PID 4800 (C:\Users\a_djamankeev\IdeaProjects\demo\target\classes started by a_djamankeev in C:\Users\a_djamankeev\IdeaProjects\demo)
11:30:35.135 [main] INFO  transfer.demo.DemoApplication - No active profile set, falling back to 1 default profile: "default"
11:30:36.266 [main] INFO  o.a.coyote.http11.Http11NioProtocol - Initializing ProtocolHandler ["http-nio-8081"]
11:30:36.267 [main] INFO  o.a.catalina.core.StandardService - Starting service [Tomcat]
11:30:36.268 [main] INFO  o.a.catalina.core.StandardEngine - Starting Servlet engine: [Apache Tomcat/10.1.16]
11:30:36.322 [main] INFO  o.a.c.c.C.[Tomcat].[localhost].[/] - Initializing Spring embedded WebApplicationContext
11:30:36.456 [main] INFO  o.h.jpa.internal.util.LogHelper - HHH000204: Processing PersistenceUnitInfo [name: default]
11:30:36.511 [main] INFO  org.hibernate.Version - HHH000412: Hibernate ORM core version 6.3.1.Final
11:30:36.553 [main] INFO  o.h.c.i.RegionFactoryInitiator - HHH000026: Second-level cache disabled
11:30:36.753 [main] INFO  com.zaxxer.hikari.HikariDataSource - HikariPool-1 - Starting...
11:30:36.919 [main] INFO  com.zaxxer.hikari.pool.HikariPool - HikariPool-1 - Added connection org.postgresql.jdbc.PgConnection@21a9f95b
11:30:36.921 [main] INFO  com.zaxxer.hikari.HikariDataSource - HikariPool-1 - Start completed.
11:30:36.951 [main] WARN  org.hibernate.orm.deprecation - HHH90000025: PostgreSQLDialect does not need to be specified explicitly using 'hibernate.dialect' (remove the property setting and it will be selected by default)
11:30:37.718 [main] INFO  o.h.e.t.j.p.i.JtaPlatformInitiator - HHH000489: No JTA platform available (set 'hibernate.transaction.jta.platform' to enable JTA platform integration)
11:30:38.709 [main] INFO  o.a.coyote.http11.Http11NioProtocol - Starting ProtocolHandler ["http-nio-8081"]
11:30:38.730 [main] INFO  transfer.demo.DemoApplication - Started DemoApplication in 3.925 seconds (process running for 4.734)
11:30:42.622 [http-nio-8081-exec-1] INFO  o.a.c.c.C.[Tomcat].[localhost].[/] - Initializing Spring DispatcherServlet 'dispatcherServlet'
11:30:42.769 [http-nio-8081-exec-1] INFO  t.demo.configuration.LoggingAspect - Method 'getFilteredData' called with args 'FilterRequest(status=ISSUED, sendCashBoxName=, receiveCashBoxName=, currency=, startDate=null, endDate=null, filterField=null, pageNumber=1, pageSize=3)' and return value '[Transaction(id=e0c4fd8a-bcbd-41bb-87c3-cbb938d82620, payerPhoneNumber=99559, receiverPhoneNumber=9988, amount=5000.0, currency=USD, comment=GOD, uniqueId=693805, sendCashBoxId=CashBox(id=11e6e1e2-229b-47cc-b18e-58687db8b656, name=ASIA), receiveCashBoxId=CashBox(id=deef93c6-0dcd-41c7-bd26-4e6d0e82863e, name=ALMATY), status=ISSUED, date=2023-12-04T13:10:28.942389), Transaction(id=ebf16b5e-762c-43e7-acd4-15532264601d, payerPhoneNumber=99559, receiverPhoneNumber=9988, amount=4000.0, currency=USD, comment=GOD, uniqueId=120744, sendCashBoxId=CashBox(id=11e6e1e2-229b-47cc-b18e-58687db8b656, name=ASIA), receiveCashBoxId=CashBox(id=deef93c6-0dcd-41c7-bd26-4e6d0e82863e, name=ALMATY), status=ISSUED, date=2023-12-04T13:15:59.630220), Transaction(id=8f06d1ea-3083-49ab-990b-f26f5a7940b6, payerPhoneNumber=99559, receiverPhoneNumber=9988, amount=100.0, currency=USD, comment=GOD, uniqueId=899966, sendCashBoxId=CashBox(id=11e6e1e2-229b-47cc-b18e-58687db8b656, name=ASIA), receiveCashBoxId=CashBox(id=d6cc4dc0-1650-4126-8425-93ec54c73728, name=BISHKEK), status=ISSUED, date=2023-12-04T13:16:19.525873)]'. Timing 97.
